2024-09-03 11:57:41.607 [info] Added views:workbench.panel.markers.view in workbench.panel.markers
2024-09-03 11:57:41.607 [info] Added views:workbench.panel.output in workbench.panel.output
2024-09-03 11:57:41.607 [info] Added views:terminal in terminal
2024-09-03 11:57:41.607 [info] Added views:outline in workbench.view.explorer
2024-09-03 11:57:41.607 [info] Added views:workbench.scm in workbench.view.scm
2024-09-03 11:57:41.607 [info] Added views:workbench.view.search in workbench.view.search
2024-09-03 11:57:41.608 [info] Added views:timeline in workbench.view.explorer
2024-09-03 11:57:41.608 [info] Added views:workbench.explorer.fileView in workbench.view.explorer
2024-09-03 11:57:44.855 [info] Added views:gitlens.views.home,gitlens.views.workspaces,gitlens.views.account in workbench.view.extension.gitlens
2024-09-03 11:57:44.857 [info] Added views:gitlens.views.commitDetails,gitlens.views.lineHistory,gitlens.views.fileHistory,gitlens.views.searchAndCompare in workbench.view.extension.gitlensInspect
2024-09-03 11:57:44.861 [info] Added views:gitlens.views.commits,gitlens.views.branches,gitlens.views.remotes,gitlens.views.stashes,gitlens.views.tags,gitlens.views.contributors in workbench.view.scm
2024-09-03 11:57:44.868 [info] Added views:dockerContainers,dockerImages,dockerRegistries,dockerNetworks,dockerVolumes,vscode-docker.views.dockerContexts,vscode-docker.views.help in workbench.view.extension.dockerView
2024-09-03 11:57:44.876 [info] Added views:targetsContainers,devVolumes in workbench.view.remote
2024-09-03 11:57:45.701 [info] Added views:workbench.debug.variablesView,workbench.debug.watchExpressionsView,workbench.debug.callStackView,workbench.debug.breakPointsView in workbench.view.debug
2024-09-03 11:57:46.242 [info] Added views:workbench.panel.repl.view in workbench.panel.repl
2024-09-03 11:57:46.247 [info] Removed views:workbench.debug.breakPointsView,workbench.debug.callStackView,workbench.debug.watchExpressionsView,workbench.debug.variablesView from workbench.view.debug
2024-09-03 11:57:46.247 [info] Added views:workbench.debug.welcome in workbench.view.debug
2024-09-03 11:57:47.855 [info] Added views:~remote.forwardedPorts in ~remote.forwardedPortsContainer
2024-09-03 11:57:50.737 [info] Removed views:gitlens.views.workspaces from workbench.view.extension.gitlens
2024-09-03 11:57:55.757 [info] Removed views:gitlens.views.searchAndCompare,gitlens.views.fileHistory,gitlens.views.lineHistory,gitlens.views.commitDetails from workbench.view.extension.gitlensInspect
2024-09-03 11:57:55.760 [info] Removed views:gitlens.views.contributors,gitlens.views.tags,gitlens.views.stashes,gitlens.views.remotes,gitlens.views.branches,gitlens.views.commits from workbench.view.scm
2024-09-03 11:58:01.046 [info] Added views:extension.vsKubernetesExplorer,extension.vsKubernetesHelmRepoExplorer,kubernetes.cloudExplorer in workbench.view.extension.kubernetesView
2024-09-03 11:58:01.184 [info] Added views:gitlens.views.drafts,gitlens.views.workspaces in workbench.view.extension.gitlens
2024-09-03 11:58:01.339 [info] Added views:gitlens.views.graph,gitlens.views.graphDetails in workbench.view.extension.gitlensPanel
2024-09-03 11:58:01.339 [info] Added views:gitlens.views.commitDetails,gitlens.views.lineHistory,gitlens.views.fileHistory,gitlens.views.timeline,gitlens.views.searchAndCompare in workbench.view.extension.gitlensInspect
2024-09-03 11:58:01.343 [info] Added views:gitlens.views.commits,gitlens.views.branches,gitlens.views.remotes,gitlens.views.stashes,gitlens.views.tags,gitlens.views.worktrees,gitlens.views.contributors in workbench.view.scm
2024-09-03 12:07:40.904 [info] Added views:workbench.views.extensions.installed,workbench.views.extensions.popular,extensions.recommendedList in workbench.view.extensions
2024-09-03 12:07:40.908 [info] Removed views:workbench.views.extensions.popular from workbench.view.extensions
2024-09-03 12:07:41.872 [info] Removed views:extensions.recommendedList,workbench.views.extensions.installed from workbench.view.extensions
2024-09-03 12:07:41.888 [info] Added views:workbench.views.extensions.marketplace in workbench.view.extensions
2024-09-03 12:08:31.822 [info] Added views:workbench.view.testing in workbench.view.extension.test
2024-09-05 10:19:27.360 [info] Removed views:workbench.view.testing from workbench.view.extension.test
