2024-09-02 11:14:13.187 [info] Configuration changed
2024-09-02 11:14:13.842 [info] Configuration changed
2024-09-02 11:14:14.844 [info] Configuration changed
2024-09-02 11:14:19.017 [info] Active editor: file:///root/Web-Security-Academy-Series-Extras/broken-authentication/lab-01/notes.txt
2024-09-02 11:15:04.326 [info] Active editor: file:///root/Web-Security-Academy-Series-Extras/broken-authentication/lab-01/passwords
2024-09-02 11:15:04.354 [info] /root/Web-Security-Academy-Series-Extras/broken-authentication/lab-01/notes.txt.git closed
2024-09-02 11:15:08.964 [info] /root/Web-Security-Academy-Series-Extras/broken-authentication/lab-01/passwords closed
2024-09-02 11:15:20.785 [info] Active editor: file:///root/Web-Security-Academy-Series-Extras/broken-authentication/lab-01/usernames
2024-09-02 11:15:20.815 [info] /root/Web-Security-Academy-Series-Extras/broken-authentication/lab-01/passwords.git closed
2024-09-02 11:18:37.996 [info] Active editor: file:///root/Web-Security-Academy-Series-Extras/broken-authentication/lab-01/passwords
2024-09-02 11:18:38.011 [info] /root/Web-Security-Academy-Series-Extras/broken-authentication/lab-01/usernames.git closed
2024-09-02 11:19:18.479 [info] Active editor: file:///root/Web-Security-Academy-Series-Extras/broken-authentication/lab-01/usernames
2024-09-02 11:19:18.496 [info] /root/Web-Security-Academy-Series-Extras/broken-authentication/lab-01/passwords.git closed
2024-09-02 11:19:21.239 [info] Active editor: file:///root/Web-Security-Academy-Series-Extras/broken-authentication/lab-01/notes.txt
2024-09-02 11:19:21.273 [info] /root/Web-Security-Academy-Series-Extras/broken-authentication/lab-01/usernames.git closed
2024-09-02 11:21:45.321 [info] /root/Web-Security-Academy-Series-Extras/broken-authentication/lab-01/notes.txt.git closed
2024-09-02 11:24:03.708 [info] Active editor: vscode-userdata:/root/Web-Security-Academy-Series-Extras/~/.vscodeconf/User/settings.json
2024-09-02 11:24:04.831 [info] Configuration changed
2024-09-02 11:24:27.810 [info] Active editor: vscode-userdata:/root/Web-Security-Academy-Series-Extras/~/.vscodeconf/User/settings.json
2024-09-02 11:24:41.885 [info] Active editor: file:///root/Web-Security-Academy-Series-Extras/broken-authentication/lab-01/notes.txt
2024-09-02 11:25:08.614 [info] Active editor: file:///root/Web-Security-Academy-Series-Extras/broken-authentication/lab-02/notes.txt
2024-09-02 11:25:08.623 [info] /root/Web-Security-Academy-Series-Extras/broken-authentication/lab-01/notes.txt.git closed
2024-09-02 15:26:44.589 [info] /root/Web-Security-Academy-Series-Extras/broken-authentication/lab-02/notes.txt closed
2024-09-02 15:26:44.635 [info] Active editor: file:///root/Web-Security-Academy-Series-Extras/broken-authentication/lab-04/notes.txt
2024-09-02 15:26:44.647 [info] /root/Web-Security-Academy-Series-Extras/broken-authentication/lab-02/notes.txt.git closed
2024-09-02 15:45:50.195 [info] /root/Web-Security-Academy-Series-Extras/broken-authentication/lab-04/notes.txt closed
2024-09-02 15:45:50.229 [info] Active editor: file:///root/Web-Security-Academy-Series-Extras/broken-authentication/lab-05/notes.txt
2024-09-02 15:45:50.252 [info] /root/Web-Security-Academy-Series-Extras/broken-authentication/lab-04/notes.txt.git closed
2024-09-02 16:09:12.211 [info] /root/Web-Security-Academy-Series-Extras/broken-authentication/lab-05/notes.txt closed
2024-09-02 16:09:12.246 [info] Active editor: file:///root/Web-Security-Academy-Series-Extras/broken-authentication/lab-06/notes.txt
2024-09-02 16:09:12.254 [info] /root/Web-Security-Academy-Series-Extras/broken-authentication/lab-05/notes.txt.git closed
