2024-09-03 12:07:42.687 [info] Getting Manifest... ms-python.python
2024-09-03 12:07:42.724 [info] Installing extension: ms-python.python {"isMachineScoped":false,"profileLocation":{"$mid":1,"external":"vscode-userdata:/root/.vscode/extensions/extensions.json","path":"/root/.vscode/extensions/extensions.json","scheme":"vscode-userdata"},"installOnlyNewlyAddedFromExtensionPack":true,"isApplicationScoped":false,"productVersion":{"version":"1.92.2","date":"2024-08-14T17:29:30.058Z"}}
2024-09-03 12:07:44.324 [info] Getting Manifest... ms-python.vscode-pylance
2024-09-03 12:07:44.446 [info] Getting Manifest... ms-python.debugpy
2024-09-03 12:07:44.749 [info] Installing extension: ms-python.vscode-pylance {"isMachineScoped":false,"profileLocation":{"$mid":1,"external":"vscode-userdata:/root/.vscode/extensions/extensions.json","path":"/root/.vscode/extensions/extensions.json","scheme":"vscode-userdata"},"installOnlyNewlyAddedFromExtensionPack":true,"isApplicationScoped":false,"productVersion":{"version":"1.92.2","date":"2024-08-14T17:29:30.058Z"},"context":{"dependecyOrPackExtensionInstall":true}}
2024-09-03 12:07:44.757 [info] Installing extension: ms-python.debugpy {"isMachineScoped":false,"profileLocation":{"$mid":1,"external":"vscode-userdata:/root/.vscode/extensions/extensions.json","path":"/root/.vscode/extensions/extensions.json","scheme":"vscode-userdata"},"installOnlyNewlyAddedFromExtensionPack":true,"isApplicationScoped":false,"productVersion":{"version":"1.92.2","date":"2024-08-14T17:29:30.058Z"},"context":{"dependecyOrPackExtensionInstall":true}}
2024-09-03 12:07:56.070 [info] Extension signature verification result for ms-python.debugpy: Success. Executed: true. Duration: 2535ms.
2024-09-03 12:07:57.600 [info] Extracted extension to file:///root/.vscode/extensions/ms-python.debugpy-2024.10.0-linux-x64: ms-python.debugpy
2024-09-03 12:07:57.611 [info] Renamed to /root/.vscode/extensions/ms-python.debugpy-2024.10.0-linux-x64
2024-09-03 12:07:57.715 [error] [uncaught exception in sharedProcess]: Error: ENOENT: no such file or directory, stat '/root/.vscode/extensions/extensions.json.vsctmp': EntryNotFound (FileSystemError): Error: ENOENT: no such file or directory, stat '/root/.vscode/extensions/extensions.json.vsctmp'
    at o.create (/usr/share/code/resources/app/out/vs/code/node/sharedProcess/sharedProcessMain.js:54:19408)
    at u (/usr/share/code/resources/app/out/vs/code/node/sharedProcess/sharedProcessMain.js:54:19519)
    at p.hb (/usr/share/code/resources/app/out/vs/code/node/sharedProcess/sharedProcessMain.js:59:36714)
    at p.stat (/usr/share/code/resources/app/out/vs/code/node/sharedProcess/sharedProcessMain.js:59:29034)
    at async c.stat (/usr/share/code/resources/app/out/vs/code/node/sharedProcess/sharedProcessMain.js:59:14940)
    at async z.ub (/usr/share/code/resources/app/out/vs/code/node/sharedProcess/sharedProcessMain.js:105:120384)
2024-09-03 12:08:00.555 [info] Extension signature verification result for ms-python.python: Success. Executed: true. Duration: 1812ms.
2024-09-03 12:08:06.365 [info] Extracted extension to file:///root/.vscode/extensions/ms-python.python-2024.12.3-linux-x64: ms-python.python
2024-09-03 12:08:06.375 [info] Renamed to /root/.vscode/extensions/ms-python.python-2024.12.3-linux-x64
2024-09-03 12:08:06.480 [error] [uncaught exception in sharedProcess]: Error: ENOENT: no such file or directory, stat '/root/.vscode/extensions/extensions.json.vsctmp': EntryNotFound (FileSystemError): Error: ENOENT: no such file or directory, stat '/root/.vscode/extensions/extensions.json.vsctmp'
    at o.create (/usr/share/code/resources/app/out/vs/code/node/sharedProcess/sharedProcessMain.js:54:19408)
    at u (/usr/share/code/resources/app/out/vs/code/node/sharedProcess/sharedProcessMain.js:54:19519)
    at p.hb (/usr/share/code/resources/app/out/vs/code/node/sharedProcess/sharedProcessMain.js:59:36714)
    at p.stat (/usr/share/code/resources/app/out/vs/code/node/sharedProcess/sharedProcessMain.js:59:29034)
    at async c.stat (/usr/share/code/resources/app/out/vs/code/node/sharedProcess/sharedProcessMain.js:59:14940)
    at async z.ub (/usr/share/code/resources/app/out/vs/code/node/sharedProcess/sharedProcessMain.js:105:120384)
2024-09-03 12:08:09.582 [info] Extension signature verification result for ms-python.vscode-pylance: Success. Executed: true. Duration: 1683ms.
2024-09-03 12:08:28.096 [info] Extracted extension to file:///root/.vscode/extensions/ms-python.vscode-pylance-2024.8.2: ms-python.vscode-pylance
2024-09-03 12:08:28.109 [info] Renamed to /root/.vscode/extensions/ms-python.vscode-pylance-2024.8.2
2024-09-03 12:08:28.179 [info] Extension installed successfully: ms-python.debugpy vscode-userdata:/root/.vscode/extensions/extensions.json
2024-09-03 12:08:28.180 [info] Extension installed successfully: ms-python.python vscode-userdata:/root/.vscode/extensions/extensions.json
2024-09-03 12:08:28.180 [info] Extension installed successfully: ms-python.vscode-pylance vscode-userdata:/root/.vscode/extensions/extensions.json
2024-09-03 12:08:28.216 [error] [uncaught exception in sharedProcess]: Error: ENOENT: no such file or directory, stat '/root/.vscode/extensions/extensions.json.vsctmp': EntryNotFound (FileSystemError): Error: ENOENT: no such file or directory, stat '/root/.vscode/extensions/extensions.json.vsctmp'
    at o.create (/usr/share/code/resources/app/out/vs/code/node/sharedProcess/sharedProcessMain.js:54:19408)
    at u (/usr/share/code/resources/app/out/vs/code/node/sharedProcess/sharedProcessMain.js:54:19519)
    at p.hb (/usr/share/code/resources/app/out/vs/code/node/sharedProcess/sharedProcessMain.js:59:36714)
    at p.stat (/usr/share/code/resources/app/out/vs/code/node/sharedProcess/sharedProcessMain.js:59:29034)
    at async c.stat (/usr/share/code/resources/app/out/vs/code/node/sharedProcess/sharedProcessMain.js:59:14940)
    at async z.ub (/usr/share/code/resources/app/out/vs/code/node/sharedProcess/sharedProcessMain.js:105:120384)
