2024-09-03 11:57:52.930 [info] Configuration changed
2024-09-03 11:58:00.832 [info] Configuration changed
2024-09-03 11:58:02.294 [info] Configuration changed
2024-09-03 11:58:04.614 [info] Active editor: file:///root/Web-Security-Academy-Series-Extras/broken-authentication/lab-06/notes.txt
2024-09-03 11:58:08.432 [info] Active editor: file:///root/Web-Security-Academy-Series-Extras/broken-authentication/lab-06/passwords
2024-09-03 11:58:39.778 [info] /root/Web-Security-Academy-Series-Extras/broken-authentication/lab-06/passwords closed
2024-09-03 11:58:41.803 [info] Active editor: file:///root/Web-Security-Academy-Series-Extras/broken-authentication/lab-06/notes.txt
2024-09-03 11:58:41.830 [info] /root/Web-Security-Academy-Series-Extras/broken-authentication/lab-06/passwords.git closed
2024-09-03 12:05:20.540 [info] Active editor: file:///root/Web-Security-Academy-Series-Extras/broken-authentication/lab-06/passwords
2024-09-03 12:05:20.555 [info] /root/Web-Security-Academy-Series-Extras/broken-authentication/lab-06/notes.txt.git closed
2024-09-03 12:07:34.052 [info] /root/Web-Security-Academy-Series-Extras/broken-authentication/lab-06/notes.txt closed
2024-09-03 12:07:34.122 [info] Active editor: file:///root/Web-Security-Academy-Series-Extras/broken-authentication/lab-06/authentication-lab-06-usernames.py
2024-09-03 12:07:34.154 [info] /root/Web-Security-Academy-Series-Extras/broken-authentication/lab-06/passwords.git closed
2024-09-03 12:07:42.707 [info] /root/Web-Security-Academy-Series-Extras/broken-authentication/lab-06/authentication-lab-06-usernames.py.git closed
2024-09-03 12:07:44.979 [info] Active editor: file:///root/Web-Security-Academy-Series-Extras/broken-authentication/lab-06/authentication-lab-06-usernames.py
2024-09-03 12:08:28.356 [info] Configuration changed
2024-09-03 12:08:28.590 [info] Configuration changed
2024-09-03 12:14:15.878 [info] /root/Web-Security-Academy-Series-Extras/broken-authentication/lab-06/passwords closed
2024-09-03 12:16:34.660 [info] Active editor: file:///root/Web-Security-Academy-Series-Extras/broken-authentication/lab-06/passwords.txt
2024-09-03 12:16:34.678 [info] /root/Web-Security-Academy-Series-Extras/broken-authentication/lab-06/authentication-lab-06-usernames.py.git closed
2024-09-03 12:16:37.705 [info] Active editor: file:///root/Web-Security-Academy-Series-Extras/broken-authentication/lab-06/authentication-lab-06-usernames.py
2024-09-03 12:16:37.738 [info] /root/Web-Security-Academy-Series-Extras/broken-authentication/lab-06/passwords.txt.git closed
2024-09-03 12:19:52.886 [info] Active editor: file:///root/Web-Security-Academy-Series-Extras/broken-authentication/lab-06/usernames
2024-09-03 12:19:52.964 [info] /root/Web-Security-Academy-Series-Extras/broken-authentication/lab-06/authentication-lab-06-usernames.py.git closed
2024-09-03 12:19:58.867 [info] /root/Web-Security-Academy-Series-Extras/broken-authentication/lab-06/usernames closed
2024-09-03 12:20:08.966 [info] Active editor: file:///root/Web-Security-Academy-Series-Extras/broken-authentication/lab-06/passwords.txt
2024-09-03 12:20:08.986 [info] /root/Web-Security-Academy-Series-Extras/broken-authentication/lab-06/usernames.git closed
2024-09-03 12:20:39.287 [info] Active editor: file:///root/Web-Security-Academy-Series-Extras/broken-authentication/lab-06/authentication-lab-06-usernames.py
2024-09-03 12:20:39.338 [info] /root/Web-Security-Academy-Series-Extras/broken-authentication/lab-06/passwords.txt.git closed
2024-09-03 12:38:41.308 [info] /root/Web-Security-Academy-Series-Extras/broken-authentication/lab-06/authentication-lab-06-usernames.py closed
2024-09-03 12:38:41.412 [info] Active editor: file:///root/Web-Security-Academy-Series-Extras/broken-authentication/lab-07/notes.txt
2024-09-03 12:38:41.425 [info] /root/Web-Security-Academy-Series-Extras/broken-authentication/lab-06/authentication-lab-06-usernames.py.git closed
