2024-09-02 11:14:07.102 [info] Added views:workbench.panel.markers.view in workbench.panel.markers
2024-09-02 11:14:07.102 [info] Added views:workbench.panel.output in workbench.panel.output
2024-09-02 11:14:07.103 [info] Added views:terminal in terminal
2024-09-02 11:14:07.103 [info] Added views:outline in workbench.view.explorer
2024-09-02 11:14:07.103 [info] Added views:workbench.scm in workbench.view.scm
2024-09-02 11:14:07.103 [info] Added views:workbench.view.search in workbench.view.search
2024-09-02 11:14:07.103 [info] Added views:timeline in workbench.view.explorer
2024-09-02 11:14:07.103 [info] Added views:workbench.explorer.fileView in workbench.view.explorer
2024-09-02 11:14:07.655 [info] Added views:workbench.debug.variablesView,workbench.debug.watchExpressionsView,workbench.debug.callStackView,workbench.debug.breakPointsView in workbench.view.debug
2024-09-02 11:14:08.766 [info] Added views:gitlens.views.home,gitlens.views.workspaces,gitlens.views.account in workbench.view.extension.gitlens
2024-09-02 11:14:08.769 [info] Added views:gitlens.views.commitDetails,gitlens.views.lineHistory,gitlens.views.fileHistory,gitlens.views.searchAndCompare in workbench.view.extension.gitlensInspect
2024-09-02 11:14:08.769 [info] Added views:gitlens.views.commits,gitlens.views.branches,gitlens.views.remotes,gitlens.views.stashes,gitlens.views.tags,gitlens.views.contributors in workbench.view.scm
2024-09-02 11:14:08.772 [info] Added views:dockerContainers,dockerImages,dockerRegistries,dockerNetworks,dockerVolumes,vscode-docker.views.dockerContexts,vscode-docker.views.help in workbench.view.extension.dockerView
2024-09-02 11:14:08.775 [info] Added views:targetsContainers,devVolumes in workbench.view.remote
2024-09-02 11:14:09.278 [info] Added views:workbench.panel.repl.view in workbench.panel.repl
2024-09-02 11:14:09.283 [info] Removed views:workbench.debug.breakPointsView,workbench.debug.callStackView,workbench.debug.watchExpressionsView,workbench.debug.variablesView from workbench.view.debug
2024-09-02 11:14:09.283 [info] Added views:workbench.debug.welcome in workbench.view.debug
2024-09-02 11:14:09.961 [info] Added views:~remote.forwardedPorts in ~remote.forwardedPortsContainer
2024-09-02 11:14:11.942 [info] Removed views:gitlens.views.workspaces from workbench.view.extension.gitlens
2024-09-02 11:14:12.280 [info] Removed views:gitlens.views.searchAndCompare,gitlens.views.fileHistory,gitlens.views.lineHistory,gitlens.views.commitDetails from workbench.view.extension.gitlensInspect
2024-09-02 11:14:12.281 [info] Removed views:gitlens.views.contributors,gitlens.views.tags,gitlens.views.stashes,gitlens.views.remotes,gitlens.views.branches,gitlens.views.commits from workbench.view.scm
2024-09-02 11:14:13.971 [info] Added views:extension.vsKubernetesExplorer,extension.vsKubernetesHelmRepoExplorer,kubernetes.cloudExplorer in workbench.view.extension.kubernetesView
2024-09-02 11:14:14.396 [info] Added views:gitlens.views.drafts,gitlens.views.workspaces in workbench.view.extension.gitlens
2024-09-02 11:14:14.446 [info] Added views:gitlens.views.graph,gitlens.views.graphDetails in workbench.view.extension.gitlensPanel
2024-09-02 11:14:14.457 [info] Added views:gitlens.views.commitDetails,gitlens.views.lineHistory,gitlens.views.fileHistory,gitlens.views.timeline,gitlens.views.searchAndCompare in workbench.view.extension.gitlensInspect
2024-09-02 11:14:14.464 [info] Added views:gitlens.views.commits,gitlens.views.branches,gitlens.views.remotes,gitlens.views.stashes,gitlens.views.tags,gitlens.views.worktrees,gitlens.views.contributors in workbench.view.scm
